<?xml version="1.0" encoding="UTF-8"?>
<!-- Generated by org.testng.reporters.JUnitReportReporter -->
<testsuite hostname="HP" name="testscripts.Testcase" tests="1" failures="0" timestamp="19 Sep 2022 19:10:01 GMT" time="124.683" errors="0">
  <testcase name="test" time="124.683" classname="testscripts.Testcase"/>
</testsuite> <!-- testscripts.Testcase -->
