<?xml version="1.0" encoding="UTF-8"?>
<!-- Generated by org.testng.reporters.JUnitReportReporter -->
<testsuite hostname="HP" name="testscripts.TestLoginPage" tests="1" failures="0" timestamp="19 Sep 2022 19:10:01 GMT" time="11.141" errors="0">
  <testcase name="testVtigerLogin" time="11.141" classname="testscripts.TestLoginPage"/>
</testsuite> <!-- testscripts.TestLoginPage -->
