<?xml version="1.0" encoding="UTF-8"?>
<!-- Generated by org.testng.reporters.JUnitReportReporter -->
<testsuite hostname="HP" name="utilities.DateUtility" tests="1" failures="0" timestamp="19 Sep 2022 19:10:01 GMT" time="0.000" errors="0">
  <testcase name="testCase" time="0.000" classname="utilities.DateUtility"/>
</testsuite> <!-- utilities.DateUtility -->
