<?xml version="1.0" encoding="UTF-8"?>
<!-- Generated by org.testng.reporters.JUnitReportReporter -->
<testsuite hostname="HP" name="testscripts.TestOrganizationsPage" tests="2" failures="0" timestamp="21 Sep 2022 18:46:52 GMT" time="7.631" errors="0">
  <testcase name="testOrganizationDeletion" time="1.289" classname="testscripts.TestOrganizationsPage"/>
  <testcase name="testOrganizationCreation" time="6.342" classname="testscripts.TestOrganizationsPage"/>
</testsuite> <!-- testscripts.TestOrganizationsPage -->
