<?xml version="1.0" encoding="UTF-8"?>
<!-- Generated by org.testng.reporters.JUnitReportReporter -->
<testsuite hostname="HP" name="jsexamples.Example1_1" tests="1" failures="0" timestamp="22 Sep 2022 11:02:34 GMT" time="11.599" errors="0">
  <testcase name="testCase1" time="11.599" classname="jsexamples.Example1_1"/>
</testsuite> <!-- jsexamples.Example1_1 -->
