<?xml version="1.0" encoding="UTF-8"?>
<!-- Generated by org.testng.reporters.JUnitReportReporter -->
<testsuite hostname="HP" name="testscripts.TestLeadsPage" tests="2" failures="0" timestamp="21 Sep 2022 08:24:07 GMT" time="9.983" errors="0">
  <testcase name="testLeadCreation" time="8.313" classname="testscripts.TestLeadsPage"/>
  <testcase name="testLeadDeletion" time="1.670" classname="testscripts.TestLeadsPage"/>
</testsuite> <!-- testscripts.TestLeadsPage -->
